#-----------------------------------------------------------
# Vivado v2021.1 (64-bit)
# SW Build 3247384 on Thu Jun 10 19:36:33 MDT 2021
# IP Build 3246043 on Fri Jun 11 00:30:35 MDT 2021
# Start of session at: Fri Nov 12 21:49:51 2021
# Process ID: 16864
# Current directory: C:/Users/deeps/project_4_part_2
# Command line: vivado.exe -gui_launcher_event rodinguilauncherevent18424 C:\Users\deeps\project_4_part_2\project_4_part_2.xpr
# Log file: C:/Users/deeps/project_4_part_2/vivado.log
# Journal file: C:/Users/deeps/project_4_part_2\vivado.jou
#-----------------------------------------------------------
start_gui
open_project C:/Users/deeps/project_4_part_2/project_4_part_2.xpr
WARNING: [filemgmt 56-3] Default IP Output Path : Could not find the directory 'C:/Users/deeps/project_4_part_2/project_4_part_2.gen/sources_1'.
CRITICAL WARNING: [Project 1-19] Could not find the file 'C:/Users/deeps/project_4_part_2/project_4_part_2.srcs/constrs_1/imports/Lab_3_part_3/Basys3_Master.xdc'.
Scanning sources...
Finished scanning sources
INFO: [IP_Flow 19-234] Refreshing IP repositories
INFO: [IP_Flow 19-1704] No user IP repositories specified
INFO: [IP_Flow 19-2313] Loaded Vivado IP repository 'C:/Xilinx/Vivado/2021.1/data/ip'.
open_project: Time (s): cpu = 00:00:35 ; elapsed = 00:00:14 . Memory (MB): peak = 1104.535 ; gain = 0.000
update_compile_order -fileset sources_1
exit
INFO: [Common 17-206] Exiting Vivado at Fri Nov 12 22:01:52 2021...
