#-----------------------------------------------------------
# Vivado v2021.1 (64-bit)
# SW Build 3247384 on Thu Jun 10 19:36:33 MDT 2021
# IP Build 3246043 on Fri Jun 11 00:30:35 MDT 2021
# Start of session at: Fri Nov 19 12:43:59 2021
# Process ID: 20504
# Current directory: C:/Users/deeps/Lab_3_part_3
# Command line: vivado.exe -gui_launcher_event rodinguilauncherevent25576 C:\Users\deeps\Lab_3_part_3\Lab_3_part_3.xpr
# Log file: C:/Users/deeps/Lab_3_part_3/vivado.log
# Journal file: C:/Users/deeps/Lab_3_part_3\vivado.jou
#-----------------------------------------------------------
start_gui
open_project C:/Users/deeps/Lab_3_part_3/Lab_3_part_3.xpr
WARNING: [filemgmt 56-3] Default IP Output Path : Could not find the directory 'C:/Users/deeps/Lab_3_part_3/Lab_3_part_3.gen/sources_1'.
Scanning sources...
Finished scanning sources
INFO: [IP_Flow 19-234] Refreshing IP repositories
INFO: [IP_Flow 19-1704] No user IP repositories specified
INFO: [IP_Flow 19-2313] Loaded Vivado IP repository 'C:/Xilinx/Vivado/2021.1/data/ip'.
open_project: Time (s): cpu = 00:00:29 ; elapsed = 00:00:11 . Memory (MB): peak = 1121.168 ; gain = 0.000
update_compile_order -fileset sources_1
exit
INFO: [Common 17-206] Exiting Vivado at Fri Nov 19 15:35:11 2021...
