#-----------------------------------------------------------
# Vivado v2021.1 (64-bit)
# SW Build 3247384 on Thu Jun 10 19:36:33 MDT 2021
# IP Build 3246043 on Fri Jun 11 00:30:35 MDT 2021
# Start of session at: Fri Dec  3 14:30:56 2021
# Process ID: 21724
# Current directory: C:/Users/deeps/project_6
# Command line: vivado.exe -gui_launcher_event rodinguilauncherevent30100 C:\Users\deeps\project_6\project_6.xpr
# Log file: C:/Users/deeps/project_6/vivado.log
# Journal file: C:/Users/deeps/project_6\vivado.jou
#-----------------------------------------------------------
start_gui
open_project C:/Users/deeps/project_6/project_6.xpr
WARNING: [filemgmt 56-3] Default IP Output Path : Could not find the directory 'C:/Users/deeps/project_6/project_6.gen/sources_1'.
Scanning sources...
Finished scanning sources
INFO: [IP_Flow 19-234] Refreshing IP repositories
INFO: [IP_Flow 19-1704] No user IP repositories specified
INFO: [IP_Flow 19-2313] Loaded Vivado IP repository 'C:/Xilinx/Vivado/2021.1/data/ip'.
open_project: Time (s): cpu = 00:00:39 ; elapsed = 00:00:16 . Memory (MB): peak = 1121.801 ; gain = 0.000
update_compile_order -fileset sources_1
exit
INFO: [Common 17-206] Exiting Vivado at Thu Dec  9 19:44:37 2021...
